[2019-01-15 17:25:56,235] multiqc                                            [DEBUG  ]  No MultiQC config found: /opt/miniconda3/lib/python3.6/site-packages/multiqc_config.yaml
[2019-01-15 17:25:56,236] multiqc                                            [DEBUG  ]  No MultiQC config found: /home/jschoener/.multiqc_config.yaml
[2019-01-15 17:25:56,236] multiqc                                            [DEBUG  ]  No MultiQC config found: multiqc_config.yaml
[2019-01-15 17:25:56,236] multiqc                                            [DEBUG  ]  Command used: /opt/miniconda3/bin/multiqc .
[2019-01-15 17:25:57,097] multiqc                                            [WARNING]  MultiQC Version v1.7 now available!
[2019-01-15 17:25:57,098] multiqc                                            [INFO   ]  This is MultiQC v1.6
[2019-01-15 17:25:57,098] multiqc                                            [DEBUG  ]  Command     : /opt/miniconda3/bin/multiqc .
[2019-01-15 17:25:57,098] multiqc                                            [DEBUG  ]  Working dir : /home/jschoener/work/trim
[2019-01-15 17:25:57,098] multiqc                                            [INFO   ]  Template    : default
[2019-01-15 17:25:57,099] multiqc                                            [INFO   ]  Searching '.'
[2019-01-15 17:25:57,100] multiqc                                            [DEBUG  ]  Analysing modules: custom_content, conpair, peddy, methylQA, qualimap, preseq, quast, qorts, rna_seqc, rsem, rseqc, busco, goleft_indexcov, disambiguate, supernova, deeptools, sargasso, verifybamid, mirtrace, happy, homer, macs2, theta2, snpeff, gatk, htseq, bcftools, featureCounts, dedup, picard, prokka, samblaster, samtools, bamtools, jellyfish, vcftools, longranger, bbmap, bismark, hicexplorer, hicup, hicpro, salmon, kallisto, slamdunk, star, hisat2, tophat, bowtie2, bowtie1, kat, leehom, adapterRemoval, clipandmerge, cutadapt, flexbar, trimmomatic, skewer, sortmerna, biobloomtools, fastq_screen, afterqc, fastp, fastqc, clusterflow, bcl2fastq, interop
[2019-01-15 17:25:57,100] multiqc                                            [DEBUG  ]  Using temporary directory for creating report: /tmp/tmpx6c9ejki
[2019-01-15 17:25:57,169] multiqc                                            [DEBUG  ]  Ignoring directory as matched fn_ignore_dirs: ./multiqc_data
[2019-01-15 17:25:57,178] multiqc                                            [DEBUG  ]  Ignoring file as matched an ignore pattern: 6Hour_CGATGT_L002_R2_003.fastq
[2019-01-15 17:25:57,178] multiqc                                            [DEBUG  ]  Ignoring file as matched an ignore pattern: 0Hour_ATCACG_L002_R2_005.fastq
[2019-01-15 17:25:57,178] multiqc                                            [DEBUG  ]  Ignoring file as matched an ignore pattern: 0Hour_ATCACG_L002_R1_003.fastq
[2019-01-15 17:25:57,179] multiqc                                            [DEBUG  ]  Ignoring file as matched an ignore pattern: 6Hour_CGATGT_L002_R2_001.fastq
[2019-01-15 17:25:57,190] multiqc                                            [DEBUG  ]  Ignoring file as matched an ignore pattern: 0Hour_ATCACG_L002_R1_004.qc.fq.gz
[2019-01-15 17:25:57,190] multiqc                                            [DEBUG  ]  Ignoring file as matched an ignore pattern: 6Hour_CGATGT_L002_R1_003.fastq
[2019-01-15 17:25:57,191] multiqc                                            [DEBUG  ]  Ignoring file as matched an ignore pattern: 6Hour_CGATGT_L002_R2_002.fastq
[2019-01-15 17:25:57,191] multiqc                                            [DEBUG  ]  Ignoring file as matched an ignore pattern: 6Hour_CGATGT_L002_R1_002.qc.fq.gz
[2019-01-15 17:25:57,191] multiqc                                            [DEBUG  ]  Ignoring file as matched an ignore pattern: 6Hour_CGATGT_L002_R1_004.fastq
[2019-01-15 17:25:57,192] multiqc                                            [DEBUG  ]  Ignoring file as matched an ignore pattern: 6Hour_CGATGT_L002_R1_001.fastq
[2019-01-15 17:25:57,192] multiqc                                            [DEBUG  ]  Ignoring file as matched an ignore pattern: 0Hour_ATCACG_L002_R1_003.qc_fastqc.html
[2019-01-15 17:25:57,192] multiqc                                            [DEBUG  ]  Ignoring file as matched an ignore pattern: 6Hour_CGATGT_L002_R2_005.qc_fastqc.html
[2019-01-15 17:25:57,193] multiqc                                            [DEBUG  ]  Ignoring file as matched an ignore pattern: 0Hour_ATCACG_L002_R2_004.qc.fq.gz
[2019-01-15 17:25:57,229] multiqc                                            [DEBUG  ]  Ignoring file as matched an ignore pattern: 6Hour_CGATGT_L002_R2_004.qc.fq.gz
[2019-01-15 17:25:57,230] multiqc                                            [DEBUG  ]  Ignoring file as matched an ignore pattern: combined.fa
[2019-01-15 17:25:57,230] multiqc                                            [DEBUG  ]  Ignoring file as matched an ignore pattern: 0Hour_ATCACG_L002_R1_003.qc.fq.gz
[2019-01-15 17:25:57,230] multiqc                                            [DEBUG  ]  Ignoring file as matched an ignore pattern: multiqc_report.html
[2019-01-15 17:25:57,230] multiqc                                            [DEBUG  ]  Ignoring file as matched an ignore pattern: 0Hour_ATCACG_L002_R1_001.fastq
[2019-01-15 17:25:57,231] multiqc                                            [DEBUG  ]  Ignoring file as matched an ignore pattern: 0Hour_ATCACG_L002_R1_005.qc.fq.gz
[2019-01-15 17:25:57,231] multiqc                                            [DEBUG  ]  Ignoring file as matched an ignore pattern: 6Hour_CGATGT_L002_R2_004.fastq
[2019-01-15 17:25:57,232] multiqc                                            [DEBUG  ]  Ignoring file as matched an ignore pattern: 0Hour_ATCACG_L002_R2_005.qc.fq.gz
[2019-01-15 17:25:57,232] multiqc                                            [DEBUG  ]  Ignoring file as matched an ignore pattern: 6Hour_CGATGT_L002_R1_005.fastq
[2019-01-15 17:25:57,233] multiqc                                            [DEBUG  ]  Ignoring file as matched an ignore pattern: 0Hour_ATCACG_L002_R2_001.qc.fq.gz
[2019-01-15 17:25:57,233] multiqc                                            [DEBUG  ]  Ignoring file as matched an ignore pattern: 0Hour_ATCACG_L002_R2_004.qc_fastqc.html
[2019-01-15 17:25:57,233] multiqc                                            [DEBUG  ]  Ignoring file as matched an ignore pattern: 6Hour_CGATGT_L002_R1_005.qc.fq.gz
[2019-01-15 17:25:57,234] multiqc                                            [DEBUG  ]  Ignoring file as matched an ignore pattern: 6Hour_CGATGT_L002_R1_002.qc_fastqc.html
[2019-01-15 17:25:57,235] multiqc                                            [DEBUG  ]  Ignoring file as matched an ignore pattern: 0Hour_ATCACG_L002_R2_005.qc_fastqc.html
[2019-01-15 17:25:57,236] multiqc                                            [DEBUG  ]  Ignoring file as matched an ignore pattern: 6Hour_CGATGT_L002_R1_003.qc.fq.gz
[2019-01-15 17:25:57,236] multiqc                                            [DEBUG  ]  Ignoring file as matched an ignore pattern: 0Hour_ATCACG_L002_R1_002.qc.fq.gz
[2019-01-15 17:25:57,237] multiqc                                            [DEBUG  ]  Ignoring file as matched an ignore pattern: orphans.qc.fq.gz
[2019-01-15 17:25:57,238] multiqc                                            [DEBUG  ]  Ignoring file as matched an ignore pattern: 6Hour_CGATGT_L002_R1_001.qc_fastqc.html
[2019-01-15 17:25:57,238] multiqc                                            [DEBUG  ]  Ignoring file as matched an ignore pattern: 6Hour_CGATGT_L002_R2_001.qc_fastqc.html
[2019-01-15 17:25:57,239] multiqc                                            [DEBUG  ]  Ignoring file as matched an ignore pattern: 6Hour_CGATGT_L002_R2_002.qc_fastqc.html
[2019-01-15 17:25:57,239] multiqc                                            [DEBUG  ]  Ignoring file as matched an ignore pattern: 0Hour_ATCACG_L002_R2_003.qc_fastqc.html
[2019-01-15 17:25:57,239] multiqc                                            [DEBUG  ]  Ignoring file as matched an ignore pattern: 6Hour_CGATGT_L002_R2_003.qc.fq.gz
[2019-01-15 17:25:57,239] multiqc                                            [DEBUG  ]  Ignoring file as matched an ignore pattern: 6Hour_CGATGT_L002_R2_001.qc.fq.gz
[2019-01-15 17:25:57,240] multiqc                                            [DEBUG  ]  Ignoring file as matched an ignore pattern: 6Hour_CGATGT_L002_R1_002.fastq
[2019-01-15 17:25:57,240] multiqc                                            [DEBUG  ]  Ignoring file as matched an ignore pattern: 0Hour_ATCACG_L002_R1_002.qc_fastqc.html
[2019-01-15 17:25:57,240] multiqc                                            [DEBUG  ]  Ignoring file as matched an ignore pattern: 0Hour_ATCACG_L002_R2_001.qc_fastqc.html
[2019-01-15 17:25:57,241] multiqc                                            [DEBUG  ]  Ignoring file as matched an ignore pattern: 6Hour_CGATGT_L002_R2_003.qc_fastqc.html
[2019-01-15 17:25:57,241] multiqc                                            [DEBUG  ]  Ignoring file as matched an ignore pattern: 0Hour_ATCACG_L002_R1_004.fastq
[2019-01-15 17:25:57,241] multiqc                                            [DEBUG  ]  Ignoring file as matched an ignore pattern: 6Hour_CGATGT_L002_R2_004.qc_fastqc.html
[2019-01-15 17:25:57,241] multiqc                                            [DEBUG  ]  Ignoring file as matched an ignore pattern: 0Hour_ATCACG_L002_R1_004.qc_fastqc.html
[2019-01-15 17:25:57,242] multiqc                                            [DEBUG  ]  Ignoring file as matched an ignore pattern: 0Hour_ATCACG_L002_R1_005.qc_fastqc.html
[2019-01-15 17:25:57,243] multiqc                                            [DEBUG  ]  Ignoring file as matched an ignore pattern: 0Hour_ATCACG_L002_R1_002.fastq
[2019-01-15 17:25:57,243] multiqc                                            [DEBUG  ]  Ignoring file as matched an ignore pattern: 0Hour_ATCACG_L002_R2_003.qc.fq.gz
[2019-01-15 17:25:57,243] multiqc                                            [DEBUG  ]  Ignoring file as matched an ignore pattern: 6Hour_CGATGT_L002_R1_001.qc.fq.gz
[2019-01-15 17:25:57,244] multiqc                                            [DEBUG  ]  Ignoring file as matched an ignore pattern: 0Hour_ATCACG_L002_R1_001.qc.fq.gz
[2019-01-15 17:25:57,244] multiqc                                            [DEBUG  ]  Ignoring file as matched an ignore pattern: 6Hour_CGATGT_L002_R2_005.fastq
[2019-01-15 17:25:57,244] multiqc                                            [DEBUG  ]  Ignoring file as matched an ignore pattern: 0Hour_ATCACG_L002_R2_003.fastq
[2019-01-15 17:25:57,245] multiqc                                            [DEBUG  ]  Ignoring file as matched an ignore pattern: 0Hour_ATCACG_L002_R2_002.qc_fastqc.html
[2019-01-15 17:25:57,245] multiqc                                            [DEBUG  ]  Ignoring file as matched an ignore pattern: 0Hour_ATCACG_L002_R2_002.qc.fq.gz
[2019-01-15 17:25:57,246] multiqc                                            [DEBUG  ]  Ignoring file as matched an ignore pattern: 0Hour_ATCACG_L002_R2_004.fastq
[2019-01-15 17:25:57,246] multiqc                                            [DEBUG  ]  Ignoring file as matched an ignore pattern: combined2.fa
[2019-01-15 17:25:57,246] multiqc                                            [DEBUG  ]  Ignoring file as matched an ignore pattern: 6Hour_CGATGT_L002_R2_002.qc.fq.gz
[2019-01-15 17:25:57,246] multiqc                                            [DEBUG  ]  Ignoring file as matched an ignore pattern: 0Hour_ATCACG_L002_R2_002.fastq
[2019-01-15 17:25:57,246] multiqc                                            [DEBUG  ]  Ignoring file as matched an ignore pattern: 0Hour_ATCACG_L002_R1_001.qc_fastqc.html
[2019-01-15 17:25:57,247] multiqc                                            [DEBUG  ]  Ignoring file as matched an ignore pattern: 6Hour_CGATGT_L002_R1_005.qc_fastqc.html
[2019-01-15 17:25:57,247] multiqc                                            [DEBUG  ]  Ignoring file as matched an ignore pattern: 6Hour_CGATGT_L002_R2_005.qc.fq.gz
[2019-01-15 17:25:57,247] multiqc                                            [DEBUG  ]  Ignoring file as matched an ignore pattern: 6Hour_CGATGT_L002_R1_004.qc_fastqc.html
[2019-01-15 17:25:57,248] multiqc                                            [DEBUG  ]  Ignoring file as matched an ignore pattern: 0Hour_ATCACG_L002_R1_005.fastq
[2019-01-15 17:25:57,249] multiqc                                            [DEBUG  ]  Ignoring file as matched an ignore pattern: 6Hour_CGATGT_L002_R1_004.qc.fq.gz
[2019-01-15 17:25:57,249] multiqc                                            [DEBUG  ]  Ignoring file as matched an ignore pattern: 0Hour_ATCACG_L002_R2_001.fastq
[2019-01-15 17:25:57,249] multiqc                                            [DEBUG  ]  Ignoring file as matched an ignore pattern: 6Hour_CGATGT_L002_R1_003.qc_fastqc.html
[2019-01-15 17:25:57,571] multiqc                                            [DEBUG  ]  No samples found: custom_content
[2019-01-15 17:25:57,576] multiqc                                            [DEBUG  ]  No samples found: conpair
[2019-01-15 17:25:57,607] multiqc                                            [DEBUG  ]  No samples found: peddy
[2019-01-15 17:25:57,612] multiqc                                            [DEBUG  ]  No samples found: methylQA
[2019-01-15 17:25:57,618] multiqc                                            [DEBUG  ]  No samples found: qualimap
[2019-01-15 17:25:57,624] multiqc                                            [DEBUG  ]  No samples found: preseq
[2019-01-15 17:25:57,629] multiqc                                            [DEBUG  ]  No samples found: quast
[2019-01-15 17:25:57,635] multiqc                                            [DEBUG  ]  No samples found: qorts
[2019-01-15 17:25:57,640] multiqc                                            [DEBUG  ]  No samples found: rna_seqc
[2019-01-15 17:25:57,646] multiqc                                            [DEBUG  ]  No samples found: rsem
[2019-01-15 17:25:57,654] multiqc                                            [DEBUG  ]  No samples found: rseqc
[2019-01-15 17:25:57,659] multiqc                                            [DEBUG  ]  No samples found: busco
[2019-01-15 17:25:57,665] multiqc                                            [DEBUG  ]  No samples found: goleft_indexcov
[2019-01-15 17:25:57,670] multiqc                                            [DEBUG  ]  No samples found: disambiguate
[2019-01-15 17:25:57,676] multiqc                                            [DEBUG  ]  No samples found: supernova
[2019-01-15 17:25:57,683] multiqc                                            [DEBUG  ]  No samples found: deeptools
[2019-01-15 17:25:57,689] multiqc                                            [DEBUG  ]  No samples found: sargasso
[2019-01-15 17:25:57,695] multiqc                                            [DEBUG  ]  No samples found: verifybamid
[2019-01-15 17:25:57,700] multiqc                                            [DEBUG  ]  No samples found: mirtrace
[2019-01-15 17:25:57,705] multiqc                                            [DEBUG  ]  No samples found: happy
[2019-01-15 17:25:57,712] multiqc                                            [DEBUG  ]  No samples found: homer
[2019-01-15 17:25:57,717] multiqc                                            [DEBUG  ]  No samples found: macs2
[2019-01-15 17:25:57,722] multiqc                                            [DEBUG  ]  No samples found: theta2
[2019-01-15 17:25:57,727] multiqc                                            [DEBUG  ]  No samples found: snpeff
[2019-01-15 17:25:57,735] multiqc                                            [DEBUG  ]  No samples found: gatk
[2019-01-15 17:25:57,740] multiqc                                            [DEBUG  ]  No samples found: htseq
[2019-01-15 17:25:57,746] multiqc                                            [DEBUG  ]  No samples found: bcftools
[2019-01-15 17:25:57,751] multiqc                                            [DEBUG  ]  No samples found: featureCounts
[2019-01-15 17:25:57,756] multiqc                                            [DEBUG  ]  No samples found: dedup
[2019-01-15 17:25:57,766] multiqc                                            [DEBUG  ]  No samples found: picard
[2019-01-15 17:25:57,772] multiqc                                            [DEBUG  ]  No samples found: prokka
[2019-01-15 17:25:57,777] multiqc                                            [DEBUG  ]  No samples found: samblaster
[2019-01-15 17:25:57,784] multiqc                                            [DEBUG  ]  No samples found: samtools
[2019-01-15 17:25:57,789] multiqc                                            [DEBUG  ]  No samples found: bamtools
[2019-01-15 17:25:57,794] multiqc                                            [DEBUG  ]  No samples found: jellyfish
[2019-01-15 17:25:57,803] multiqc                                            [DEBUG  ]  No samples found: vcftools
[2019-01-15 17:25:57,808] multiqc                                            [DEBUG  ]  No samples found: longranger
[2019-01-15 17:25:57,816] multiqc                                            [DEBUG  ]  No samples found: bbmap
[2019-01-15 17:25:57,821] multiqc                                            [DEBUG  ]  No samples found: bismark
[2019-01-15 17:25:57,826] multiqc                                            [DEBUG  ]  No samples found: hicexplorer
[2019-01-15 17:25:57,830] multiqc                                            [DEBUG  ]  No samples found: hicup
[2019-01-15 17:25:57,835] multiqc                                            [DEBUG  ]  No samples found: hicpro
[2019-01-15 17:25:57,839] multiqc                                            [DEBUG  ]  No samples found: salmon
[2019-01-15 17:25:57,844] multiqc                                            [DEBUG  ]  No samples found: kallisto
[2019-01-15 17:25:57,848] multiqc                                            [DEBUG  ]  No samples found: slamdunk
[2019-01-15 17:25:57,852] multiqc                                            [DEBUG  ]  No samples found: star
[2019-01-15 17:25:57,856] multiqc                                            [DEBUG  ]  No samples found: hisat2
[2019-01-15 17:25:57,860] multiqc                                            [DEBUG  ]  No samples found: tophat
[2019-01-15 17:25:57,864] multiqc                                            [DEBUG  ]  No samples found: bowtie2
[2019-01-15 17:25:57,868] multiqc                                            [DEBUG  ]  No samples found: bowtie1
[2019-01-15 17:25:57,872] multiqc                                            [DEBUG  ]  No samples found: kat
[2019-01-15 17:25:57,876] multiqc                                            [DEBUG  ]  No samples found: leehom
[2019-01-15 17:25:57,881] multiqc                                            [DEBUG  ]  No samples found: adapterRemoval
[2019-01-15 17:25:57,884] multiqc                                            [DEBUG  ]  No samples found: clipandmerge
[2019-01-15 17:25:57,888] multiqc                                            [DEBUG  ]  No samples found: cutadapt
[2019-01-15 17:25:57,892] multiqc                                            [DEBUG  ]  No samples found: flexbar
[2019-01-15 17:25:57,896] multiqc                                            [DEBUG  ]  No samples found: trimmomatic
[2019-01-15 17:25:57,900] multiqc                                            [DEBUG  ]  No samples found: skewer
[2019-01-15 17:25:57,904] multiqc                                            [DEBUG  ]  No samples found: sortmerna
[2019-01-15 17:25:57,908] multiqc                                            [DEBUG  ]  No samples found: biobloomtools
[2019-01-15 17:25:57,912] multiqc                                            [DEBUG  ]  No samples found: fastq_screen
[2019-01-15 17:25:57,916] multiqc                                            [DEBUG  ]  No samples found: afterqc
[2019-01-15 17:25:57,920] multiqc                                            [DEBUG  ]  No samples found: fastp
[2019-01-15 17:25:58,027] multiqc.modules.fastqc.fastqc                      [INFO   ]  Found 20 reports
[2019-01-15 17:25:58,545] multiqc                                            [DEBUG  ]  No samples found: clusterflow
[2019-01-15 17:25:58,549] multiqc                                            [DEBUG  ]  No samples found: bcl2fastq
[2019-01-15 17:25:58,553] multiqc                                            [DEBUG  ]  No samples found: interop
[2019-01-15 17:25:58,595] multiqc                                            [INFO   ]  Compressing plot data
[2019-01-15 17:25:59,012] multiqc                                            [WARNING]  Previous MultiQC output found! Adjusting filenames..
[2019-01-15 17:25:59,012] multiqc                                            [WARNING]  Use -f or --force to overwrite existing reports instead
[2019-01-15 17:25:59,012] multiqc                                            [INFO   ]  Report      : multiqc_report_1.html
[2019-01-15 17:25:59,012] multiqc                                            [INFO   ]  Data        : multiqc_data_1
[2019-01-15 17:25:59,013] multiqc                                            [DEBUG  ]  Moving data file from '/tmp/tmpx6c9ejki/multiqc_data/multiqc_data.json' to '/home/jschoener/work/trim/multiqc_data_1'
[2019-01-15 17:25:59,013] multiqc                                            [DEBUG  ]  Moving data file from '/tmp/tmpx6c9ejki/multiqc_data/multiqc_fastqc.txt' to '/home/jschoener/work/trim/multiqc_data_1'
[2019-01-15 17:25:59,013] multiqc                                            [DEBUG  ]  Moving data file from '/tmp/tmpx6c9ejki/multiqc_data/multiqc_general_stats.txt' to '/home/jschoener/work/trim/multiqc_data_1'
[2019-01-15 17:25:59,013] multiqc                                            [DEBUG  ]  Moving data file from '/tmp/tmpx6c9ejki/multiqc_data/multiqc_sources.txt' to '/home/jschoener/work/trim/multiqc_data_1'
[2019-01-15 17:25:59,159] multiqc                                            [INFO   ]  MultiQC complete
