[2019-01-15 17:15:43,883] multiqc                                            [DEBUG  ]  No MultiQC config found: /opt/miniconda3/lib/python3.6/site-packages/multiqc_config.yaml
[2019-01-15 17:15:43,883] multiqc                                            [DEBUG  ]  No MultiQC config found: /home/jschoener/.multiqc_config.yaml
[2019-01-15 17:15:43,883] multiqc                                            [DEBUG  ]  No MultiQC config found: multiqc_config.yaml
[2019-01-15 17:15:43,883] multiqc                                            [DEBUG  ]  Command used: /opt/miniconda3/bin/multiqc .
[2019-01-15 17:15:45,095] multiqc                                            [WARNING]  MultiQC Version v1.7 now available!
[2019-01-15 17:15:45,096] multiqc                                            [INFO   ]  This is MultiQC v1.6
[2019-01-15 17:15:45,097] multiqc                                            [DEBUG  ]  Command     : /opt/miniconda3/bin/multiqc .
[2019-01-15 17:15:45,097] multiqc                                            [DEBUG  ]  Working dir : /home/jschoener/work/trim
[2019-01-15 17:15:45,097] multiqc                                            [INFO   ]  Template    : default
[2019-01-15 17:15:45,098] multiqc                                            [INFO   ]  Searching '.'
[2019-01-15 17:15:45,099] multiqc                                            [DEBUG  ]  Analysing modules: custom_content, conpair, peddy, methylQA, qualimap, preseq, quast, qorts, rna_seqc, rsem, rseqc, busco, goleft_indexcov, disambiguate, supernova, deeptools, sargasso, verifybamid, mirtrace, happy, homer, macs2, theta2, snpeff, gatk, htseq, bcftools, featureCounts, dedup, picard, prokka, samblaster, samtools, bamtools, jellyfish, vcftools, longranger, bbmap, bismark, hicexplorer, hicup, hicpro, salmon, kallisto, slamdunk, star, hisat2, tophat, bowtie2, bowtie1, kat, leehom, adapterRemoval, clipandmerge, cutadapt, flexbar, trimmomatic, skewer, sortmerna, biobloomtools, fastq_screen, afterqc, fastp, fastqc, clusterflow, bcl2fastq, interop
[2019-01-15 17:15:45,099] multiqc                                            [DEBUG  ]  Using temporary directory for creating report: /tmp/tmppsgo9rn8
[2019-01-15 17:15:45,173] multiqc                                            [DEBUG  ]  Ignoring file as matched an ignore pattern: 6Hour_CGATGT_L002_R2_003.fastq
[2019-01-15 17:15:45,173] multiqc                                            [DEBUG  ]  Ignoring file as matched an ignore pattern: 0Hour_ATCACG_L002_R2_005.fastq
[2019-01-15 17:15:45,174] multiqc                                            [DEBUG  ]  Ignoring file as matched an ignore pattern: 0Hour_ATCACG_L002_R1_003.fastq
[2019-01-15 17:15:45,174] multiqc                                            [DEBUG  ]  Ignoring file as matched an ignore pattern: 6Hour_CGATGT_L002_R2_001.fastq
[2019-01-15 17:15:45,185] multiqc                                            [DEBUG  ]  Ignoring file as matched an ignore pattern: 0Hour_ATCACG_L002_R1_004.qc.fq.gz
[2019-01-15 17:15:45,185] multiqc                                            [DEBUG  ]  Ignoring file as matched an ignore pattern: 6Hour_CGATGT_L002_R1_003.fastq
[2019-01-15 17:15:45,185] multiqc                                            [DEBUG  ]  Ignoring file as matched an ignore pattern: 6Hour_CGATGT_L002_R2_002.fastq
[2019-01-15 17:15:45,186] multiqc                                            [DEBUG  ]  Ignoring file as matched an ignore pattern: 6Hour_CGATGT_L002_R1_002.qc.fq.gz
[2019-01-15 17:15:45,186] multiqc                                            [DEBUG  ]  Ignoring file as matched an ignore pattern: 6Hour_CGATGT_L002_R1_004.fastq
[2019-01-15 17:15:45,186] multiqc                                            [DEBUG  ]  Ignoring file as matched an ignore pattern: 6Hour_CGATGT_L002_R1_001.fastq
[2019-01-15 17:15:45,187] multiqc                                            [DEBUG  ]  Ignoring file as matched an ignore pattern: 0Hour_ATCACG_L002_R1_003.qc_fastqc.html
[2019-01-15 17:15:45,187] multiqc                                            [DEBUG  ]  Ignoring file as matched an ignore pattern: 6Hour_CGATGT_L002_R2_005.qc_fastqc.html
[2019-01-15 17:15:45,187] multiqc                                            [DEBUG  ]  Ignoring file as matched an ignore pattern: 0Hour_ATCACG_L002_R2_004.qc.fq.gz
[2019-01-15 17:15:45,222] multiqc                                            [DEBUG  ]  Ignoring file as matched an ignore pattern: 6Hour_CGATGT_L002_R2_004.qc.fq.gz
[2019-01-15 17:15:45,222] multiqc                                            [DEBUG  ]  Ignoring file as matched an ignore pattern: combined.fa
[2019-01-15 17:15:45,223] multiqc                                            [DEBUG  ]  Ignoring file as matched an ignore pattern: 0Hour_ATCACG_L002_R1_003.qc.fq.gz
[2019-01-15 17:15:45,223] multiqc                                            [DEBUG  ]  Ignoring file as matched an ignore pattern: 0Hour_ATCACG_L002_R1_001.fastq
[2019-01-15 17:15:45,224] multiqc                                            [DEBUG  ]  Ignoring file as matched an ignore pattern: 0Hour_ATCACG_L002_R1_005.qc.fq.gz
[2019-01-15 17:15:45,224] multiqc                                            [DEBUG  ]  Ignoring file as matched an ignore pattern: 6Hour_CGATGT_L002_R2_004.fastq
[2019-01-15 17:15:45,224] multiqc                                            [DEBUG  ]  Ignoring file as matched an ignore pattern: 0Hour_ATCACG_L002_R2_005.qc.fq.gz
[2019-01-15 17:15:45,224] multiqc                                            [DEBUG  ]  Ignoring file as matched an ignore pattern: 6Hour_CGATGT_L002_R1_005.fastq
[2019-01-15 17:15:45,225] multiqc                                            [DEBUG  ]  Ignoring file as matched an ignore pattern: 0Hour_ATCACG_L002_R2_001.qc.fq.gz
[2019-01-15 17:15:45,226] multiqc                                            [DEBUG  ]  Ignoring file as matched an ignore pattern: 0Hour_ATCACG_L002_R2_004.qc_fastqc.html
[2019-01-15 17:15:45,226] multiqc                                            [DEBUG  ]  Ignoring file as matched an ignore pattern: 6Hour_CGATGT_L002_R1_005.qc.fq.gz
[2019-01-15 17:15:45,227] multiqc                                            [DEBUG  ]  Ignoring file as matched an ignore pattern: 6Hour_CGATGT_L002_R1_002.qc_fastqc.html
[2019-01-15 17:15:45,228] multiqc                                            [DEBUG  ]  Ignoring file as matched an ignore pattern: 0Hour_ATCACG_L002_R2_005.qc_fastqc.html
[2019-01-15 17:15:45,229] multiqc                                            [DEBUG  ]  Ignoring file as matched an ignore pattern: 6Hour_CGATGT_L002_R1_003.qc.fq.gz
[2019-01-15 17:15:45,229] multiqc                                            [DEBUG  ]  Ignoring file as matched an ignore pattern: 0Hour_ATCACG_L002_R1_002.qc.fq.gz
[2019-01-15 17:15:45,230] multiqc                                            [DEBUG  ]  Ignoring file as matched an ignore pattern: orphans.qc.fq.gz
[2019-01-15 17:15:45,230] multiqc                                            [DEBUG  ]  Ignoring file as matched an ignore pattern: 6Hour_CGATGT_L002_R1_001.qc_fastqc.html
[2019-01-15 17:15:45,231] multiqc                                            [DEBUG  ]  Ignoring file as matched an ignore pattern: 6Hour_CGATGT_L002_R2_001.qc_fastqc.html
[2019-01-15 17:15:45,231] multiqc                                            [DEBUG  ]  Ignoring file as matched an ignore pattern: 6Hour_CGATGT_L002_R2_002.qc_fastqc.html
[2019-01-15 17:15:45,231] multiqc                                            [DEBUG  ]  Ignoring file as matched an ignore pattern: 0Hour_ATCACG_L002_R2_003.qc_fastqc.html
[2019-01-15 17:15:45,232] multiqc                                            [DEBUG  ]  Ignoring file as matched an ignore pattern: 6Hour_CGATGT_L002_R2_003.qc.fq.gz
[2019-01-15 17:15:45,232] multiqc                                            [DEBUG  ]  Ignoring file as matched an ignore pattern: 6Hour_CGATGT_L002_R2_001.qc.fq.gz
[2019-01-15 17:15:45,232] multiqc                                            [DEBUG  ]  Ignoring file as matched an ignore pattern: 6Hour_CGATGT_L002_R1_002.fastq
[2019-01-15 17:15:45,233] multiqc                                            [DEBUG  ]  Ignoring file as matched an ignore pattern: 0Hour_ATCACG_L002_R1_002.qc_fastqc.html
[2019-01-15 17:15:45,233] multiqc                                            [DEBUG  ]  Ignoring file as matched an ignore pattern: 0Hour_ATCACG_L002_R2_001.qc_fastqc.html
[2019-01-15 17:15:45,233] multiqc                                            [DEBUG  ]  Ignoring file as matched an ignore pattern: 6Hour_CGATGT_L002_R2_003.qc_fastqc.html
[2019-01-15 17:15:45,234] multiqc                                            [DEBUG  ]  Ignoring file as matched an ignore pattern: 0Hour_ATCACG_L002_R1_004.fastq
[2019-01-15 17:15:45,234] multiqc                                            [DEBUG  ]  Ignoring file as matched an ignore pattern: 6Hour_CGATGT_L002_R2_004.qc_fastqc.html
[2019-01-15 17:15:45,234] multiqc                                            [DEBUG  ]  Ignoring file as matched an ignore pattern: 0Hour_ATCACG_L002_R1_004.qc_fastqc.html
[2019-01-15 17:15:45,234] multiqc                                            [DEBUG  ]  Ignoring file as matched an ignore pattern: 0Hour_ATCACG_L002_R1_005.qc_fastqc.html
[2019-01-15 17:15:45,235] multiqc                                            [DEBUG  ]  Ignoring file as matched an ignore pattern: 0Hour_ATCACG_L002_R1_002.fastq
[2019-01-15 17:15:45,235] multiqc                                            [DEBUG  ]  Ignoring file as matched an ignore pattern: 0Hour_ATCACG_L002_R2_003.qc.fq.gz
[2019-01-15 17:15:45,236] multiqc                                            [DEBUG  ]  Ignoring file as matched an ignore pattern: 6Hour_CGATGT_L002_R1_001.qc.fq.gz
[2019-01-15 17:15:45,236] multiqc                                            [DEBUG  ]  Ignoring file as matched an ignore pattern: 0Hour_ATCACG_L002_R1_001.qc.fq.gz
[2019-01-15 17:15:45,237] multiqc                                            [DEBUG  ]  Ignoring file as matched an ignore pattern: 6Hour_CGATGT_L002_R2_005.fastq
[2019-01-15 17:15:45,237] multiqc                                            [DEBUG  ]  Ignoring file as matched an ignore pattern: 0Hour_ATCACG_L002_R2_003.fastq
[2019-01-15 17:15:45,237] multiqc                                            [DEBUG  ]  Ignoring file as matched an ignore pattern: 0Hour_ATCACG_L002_R2_002.qc_fastqc.html
[2019-01-15 17:15:45,237] multiqc                                            [DEBUG  ]  Ignoring file as matched an ignore pattern: 0Hour_ATCACG_L002_R2_002.qc.fq.gz
[2019-01-15 17:15:45,238] multiqc                                            [DEBUG  ]  Ignoring file as matched an ignore pattern: 0Hour_ATCACG_L002_R2_004.fastq
[2019-01-15 17:15:45,238] multiqc                                            [DEBUG  ]  Ignoring file as matched an ignore pattern: combined2.fa
[2019-01-15 17:15:45,238] multiqc                                            [DEBUG  ]  Ignoring file as matched an ignore pattern: 6Hour_CGATGT_L002_R2_002.qc.fq.gz
[2019-01-15 17:15:45,239] multiqc                                            [DEBUG  ]  Ignoring file as matched an ignore pattern: 0Hour_ATCACG_L002_R2_002.fastq
[2019-01-15 17:15:45,239] multiqc                                            [DEBUG  ]  Ignoring file as matched an ignore pattern: 0Hour_ATCACG_L002_R1_001.qc_fastqc.html
[2019-01-15 17:15:45,239] multiqc                                            [DEBUG  ]  Ignoring file as matched an ignore pattern: 6Hour_CGATGT_L002_R1_005.qc_fastqc.html
[2019-01-15 17:15:45,239] multiqc                                            [DEBUG  ]  Ignoring file as matched an ignore pattern: 6Hour_CGATGT_L002_R2_005.qc.fq.gz
[2019-01-15 17:15:45,240] multiqc                                            [DEBUG  ]  Ignoring file as matched an ignore pattern: 6Hour_CGATGT_L002_R1_004.qc_fastqc.html
[2019-01-15 17:15:45,240] multiqc                                            [DEBUG  ]  Ignoring file as matched an ignore pattern: 0Hour_ATCACG_L002_R1_005.fastq
[2019-01-15 17:15:45,241] multiqc                                            [DEBUG  ]  Ignoring file as matched an ignore pattern: 6Hour_CGATGT_L002_R1_004.qc.fq.gz
[2019-01-15 17:15:45,241] multiqc                                            [DEBUG  ]  Ignoring file as matched an ignore pattern: 0Hour_ATCACG_L002_R2_001.fastq
[2019-01-15 17:15:45,241] multiqc                                            [DEBUG  ]  Ignoring file as matched an ignore pattern: 6Hour_CGATGT_L002_R1_003.qc_fastqc.html
[2019-01-15 17:15:45,562] multiqc                                            [DEBUG  ]  No samples found: custom_content
[2019-01-15 17:15:45,568] multiqc                                            [DEBUG  ]  No samples found: conpair
[2019-01-15 17:15:45,598] multiqc                                            [DEBUG  ]  No samples found: peddy
[2019-01-15 17:15:45,603] multiqc                                            [DEBUG  ]  No samples found: methylQA
[2019-01-15 17:15:45,610] multiqc                                            [DEBUG  ]  No samples found: qualimap
[2019-01-15 17:15:45,616] multiqc                                            [DEBUG  ]  No samples found: preseq
[2019-01-15 17:15:45,621] multiqc                                            [DEBUG  ]  No samples found: quast
[2019-01-15 17:15:45,626] multiqc                                            [DEBUG  ]  No samples found: qorts
[2019-01-15 17:15:45,632] multiqc                                            [DEBUG  ]  No samples found: rna_seqc
[2019-01-15 17:15:45,638] multiqc                                            [DEBUG  ]  No samples found: rsem
[2019-01-15 17:15:45,646] multiqc                                            [DEBUG  ]  No samples found: rseqc
[2019-01-15 17:15:45,651] multiqc                                            [DEBUG  ]  No samples found: busco
[2019-01-15 17:15:45,657] multiqc                                            [DEBUG  ]  No samples found: goleft_indexcov
[2019-01-15 17:15:45,662] multiqc                                            [DEBUG  ]  No samples found: disambiguate
[2019-01-15 17:15:45,668] multiqc                                            [DEBUG  ]  No samples found: supernova
[2019-01-15 17:15:45,675] multiqc                                            [DEBUG  ]  No samples found: deeptools
[2019-01-15 17:15:45,682] multiqc                                            [DEBUG  ]  No samples found: sargasso
[2019-01-15 17:15:45,687] multiqc                                            [DEBUG  ]  No samples found: verifybamid
[2019-01-15 17:15:45,692] multiqc                                            [DEBUG  ]  No samples found: mirtrace
[2019-01-15 17:15:45,698] multiqc                                            [DEBUG  ]  No samples found: happy
[2019-01-15 17:15:45,704] multiqc                                            [DEBUG  ]  No samples found: homer
[2019-01-15 17:15:45,709] multiqc                                            [DEBUG  ]  No samples found: macs2
[2019-01-15 17:15:45,715] multiqc                                            [DEBUG  ]  No samples found: theta2
[2019-01-15 17:15:45,720] multiqc                                            [DEBUG  ]  No samples found: snpeff
[2019-01-15 17:15:45,727] multiqc                                            [DEBUG  ]  No samples found: gatk
[2019-01-15 17:15:45,732] multiqc                                            [DEBUG  ]  No samples found: htseq
[2019-01-15 17:15:45,738] multiqc                                            [DEBUG  ]  No samples found: bcftools
[2019-01-15 17:15:45,743] multiqc                                            [DEBUG  ]  No samples found: featureCounts
[2019-01-15 17:15:45,749] multiqc                                            [DEBUG  ]  No samples found: dedup
[2019-01-15 17:15:45,759] multiqc                                            [DEBUG  ]  No samples found: picard
[2019-01-15 17:15:45,764] multiqc                                            [DEBUG  ]  No samples found: prokka
[2019-01-15 17:15:45,770] multiqc                                            [DEBUG  ]  No samples found: samblaster
[2019-01-15 17:15:45,777] multiqc                                            [DEBUG  ]  No samples found: samtools
[2019-01-15 17:15:45,782] multiqc                                            [DEBUG  ]  No samples found: bamtools
[2019-01-15 17:15:45,788] multiqc                                            [DEBUG  ]  No samples found: jellyfish
[2019-01-15 17:15:45,797] multiqc                                            [DEBUG  ]  No samples found: vcftools
[2019-01-15 17:15:45,803] multiqc                                            [DEBUG  ]  No samples found: longranger
[2019-01-15 17:15:45,812] multiqc                                            [DEBUG  ]  No samples found: bbmap
[2019-01-15 17:15:45,818] multiqc                                            [DEBUG  ]  No samples found: bismark
[2019-01-15 17:15:45,823] multiqc                                            [DEBUG  ]  No samples found: hicexplorer
[2019-01-15 17:15:45,828] multiqc                                            [DEBUG  ]  No samples found: hicup
[2019-01-15 17:15:45,833] multiqc                                            [DEBUG  ]  No samples found: hicpro
[2019-01-15 17:15:45,839] multiqc                                            [DEBUG  ]  No samples found: salmon
[2019-01-15 17:15:45,844] multiqc                                            [DEBUG  ]  No samples found: kallisto
[2019-01-15 17:15:45,849] multiqc                                            [DEBUG  ]  No samples found: slamdunk
[2019-01-15 17:15:45,854] multiqc                                            [DEBUG  ]  No samples found: star
[2019-01-15 17:15:45,858] multiqc                                            [DEBUG  ]  No samples found: hisat2
[2019-01-15 17:15:45,863] multiqc                                            [DEBUG  ]  No samples found: tophat
[2019-01-15 17:15:45,868] multiqc                                            [DEBUG  ]  No samples found: bowtie2
[2019-01-15 17:15:45,872] multiqc                                            [DEBUG  ]  No samples found: bowtie1
[2019-01-15 17:15:45,876] multiqc                                            [DEBUG  ]  No samples found: kat
[2019-01-15 17:15:45,881] multiqc                                            [DEBUG  ]  No samples found: leehom
[2019-01-15 17:15:45,886] multiqc                                            [DEBUG  ]  No samples found: adapterRemoval
[2019-01-15 17:15:45,890] multiqc                                            [DEBUG  ]  No samples found: clipandmerge
[2019-01-15 17:15:45,894] multiqc                                            [DEBUG  ]  No samples found: cutadapt
[2019-01-15 17:15:45,898] multiqc                                            [DEBUG  ]  No samples found: flexbar
[2019-01-15 17:15:45,903] multiqc                                            [DEBUG  ]  No samples found: trimmomatic
[2019-01-15 17:15:45,907] multiqc                                            [DEBUG  ]  No samples found: skewer
[2019-01-15 17:15:45,911] multiqc                                            [DEBUG  ]  No samples found: sortmerna
[2019-01-15 17:15:45,915] multiqc                                            [DEBUG  ]  No samples found: biobloomtools
[2019-01-15 17:15:45,918] multiqc                                            [DEBUG  ]  No samples found: fastq_screen
[2019-01-15 17:15:45,922] multiqc                                            [DEBUG  ]  No samples found: afterqc
[2019-01-15 17:15:45,926] multiqc                                            [DEBUG  ]  No samples found: fastp
[2019-01-15 17:15:46,033] multiqc.modules.fastqc.fastqc                      [INFO   ]  Found 20 reports
[2019-01-15 17:15:46,550] multiqc                                            [DEBUG  ]  No samples found: clusterflow
[2019-01-15 17:15:46,555] multiqc                                            [DEBUG  ]  No samples found: bcl2fastq
[2019-01-15 17:15:46,559] multiqc                                            [DEBUG  ]  No samples found: interop
[2019-01-15 17:15:46,600] multiqc                                            [INFO   ]  Compressing plot data
[2019-01-15 17:15:47,017] multiqc                                            [INFO   ]  Report      : multiqc_report.html
[2019-01-15 17:15:47,018] multiqc                                            [INFO   ]  Data        : multiqc_data
[2019-01-15 17:15:47,018] multiqc                                            [DEBUG  ]  Moving data file from '/tmp/tmppsgo9rn8/multiqc_data/multiqc_data.json' to '/home/jschoener/work/trim/multiqc_data'
[2019-01-15 17:15:47,018] multiqc                                            [DEBUG  ]  Moving data file from '/tmp/tmppsgo9rn8/multiqc_data/multiqc_fastqc.txt' to '/home/jschoener/work/trim/multiqc_data'
[2019-01-15 17:15:47,018] multiqc                                            [DEBUG  ]  Moving data file from '/tmp/tmppsgo9rn8/multiqc_data/multiqc_general_stats.txt' to '/home/jschoener/work/trim/multiqc_data'
[2019-01-15 17:15:47,018] multiqc                                            [DEBUG  ]  Moving data file from '/tmp/tmppsgo9rn8/multiqc_data/multiqc_sources.txt' to '/home/jschoener/work/trim/multiqc_data'
[2019-01-15 17:15:47,164] multiqc                                            [INFO   ]  MultiQC complete
